<?xml version="1.0" encoding="UTF-8" ?>
<testsuite errors="0" failures="0" hostname="DESKTOP-US2HG7B" name="com.AccountTestingSalesforce.RunnerSteps" skipped="0" tests="68" time="208.519" timestamp="2016-06-06T18:35:17">
  <properties>
    <property name="java.vendor" value="Oracle Corporation" />
    <property name="env.USERDOMAIN_ROAMINGPROFILE" value="DESKTOP-US2HG7B" />
    <property name="sun.java.launcher" value="SUN_STANDARD" />
    <property name="eclipse.pdebuild.templates" value="/C:/Program Files (x86)/eclipse/plugins/org.eclipse.pde.build_3.9.100.v20150521-1524/templates/" />
    <property name="sun.management.compiler" value="HotSpot 64-Bit Tiered Compilers" />
    <property name="env.PROMPT" value="$P$G" />
    <property name="os.name" value="Windows 10" />
    <property name="sun.boot.class.path" value="C:\Program Files\Java\jre1.8.0_77\lib\resources.jar;C:\Program Files\Java\jre1.8.0_77\lib\rt.jar;C:\Program Files\Java\jre1.8.0_77\lib\sunrsasign.jar;C:\Program Files\Java\jre1.8.0_77\lib\jsse.jar;C:\Program Files\Java\jre1.8.0_77\lib\jce.jar;C:\Program Files\Java\jre1.8.0_77\lib\charsets.jar;C:\Program Files\Java\jre1.8.0_77\lib\jfr.jar;C:\Program Files\Java\jre1.8.0_77\classes" />
    <property name="env.COMPUTERNAME" value="DESKTOP-US2HG7B" />
    <property name="env.CommonProgramW6432" value="C:\Program Files\Common Files" />
    <property name="env.ALLUSERSPROFILE" value="C:\ProgramData" />
    <property name="sun.desktop" value="windows" />
    <property name="java.vm.specification.vendor" value="Oracle Corporation" />
    <property name="ant.home" value="C:\Program Files (x86)\eclipse\plugins\org.apache.ant_1.9.6.v201510161327" />
    <property name="java.runtime.version" value="1.8.0_77-b03" />
    <property name="env.HOMEPATH" value="\Users\khuon" />
    <property name="user.name" value="khuon" />
    <property name="user.language" value="en" />
    <property name="sun.boot.library.path" value="C:\Program Files\Java\jre1.8.0_77\bin" />
    <property name="ant.project.default-target" value="build" />
    <property name="ant.project.name" value="AccountTestingSalesforce" />
    <property name="java.version" value="1.8.0_77" />
    <property name="env.PROCESSOR_IDENTIFIER" value="Intel64 Family 6 Model 58 Stepping 9, GenuineIntel" />
    <property name="user.timezone" value="" />
    <property name="env.TEMP" value="C:\Users\khuon\AppData\Local\Temp" />
    <property name="sun.arch.data.model" value="64" />
    <property name="java.endorsed.dirs" value="C:\Program Files\Java\jre1.8.0_77\lib\endorsed" />
    <property name="sun.cpu.isalist" value="amd64" />
    <property name="env.HOMEDRIVE" value="C:" />
    <property name="sun.jnu.encoding" value="Cp1252" />
    <property name="file.encoding.pkg" value="sun.io" />
    <property name="ECLIPSE_HOME" value="C:/Program Files (x86)/eclipse/" />
    <property name="file.separator" value="\" />
    <property name="java.specification.name" value="Java Platform API Specification" />
    <property name="java.class.version" value="52.0" />
    <property name="user.country" value="US" />
    <property name="java.home" value="C:\Program Files\Java\jre1.8.0_77" />
    <property name="env.PSModulePath" value="C:\WINDOWS\system32\WindowsPowerShell\v1.0\Modules\" />
    <property name="env.APPDATA" value="C:\Users\khuon\AppData\Roaming" />
    <property name="env.PUBLIC" value="C:\Users\Public" />
    <property name="java.vm.info" value="mixed mode" />
    <property name="env.ComSpec" value="C:\WINDOWS\system32\cmd.exe" />
    <property name="env.OS" value="Windows_NT" />
    <property name="env.CommonProgramFiles" value="C:\Program Files\Common Files" />
    <property name="ant.file" value="E:\Study\Project\Saleforce\Workspace\AccountTestingSalesforce\build.xml" />
    <property name="os.version" value="10.0" />
    <property name="env.ProgramW6432" value="C:\Program Files" />
    <property name="path.separator" value=";" />
    <property name="java.vm.version" value="25.77-b03" />
    <property name="env.USERPROFILE" value="C:\Users\khuon" />
    <property name="user.variant" value="" />
    <property name="ant.library.dir" value="C:\Program Files (x86)\eclipse\plugins\org.apache.ant_1.9.6.v201510161327\lib" />
    <property name="junit.output.dir" value="junit" />
    <property name="env.JAVA_HOME" value="C:\Program Files\Java\jdk1.8.0_73" />
    <property name="java.awt.printerjob" value="sun.awt.windows.WPrinterJob" />
    <property name="env.TMP" value="C:\Users\khuon\AppData\Local\Temp" />
    <property name="env.FPS_BROWSER_USER_PROFILE_STRING" value="Default" />
    <property name="sun.io.unicode.encoding" value="UnicodeLittle" />
    <property name="awt.toolkit" value="sun.awt.windows.WToolkit" />
    <property name="user.script" value="" />
    <property name="eclipse.pdebuild.scripts" value="/C:/Program Files (x86)/eclipse/plugins/org.eclipse.pde.build_3.9.100.v20150521-1524/scripts/" />
    <property name="user.home" value="C:\Users\khuon" />
    <property name="target" value="1.5" />
    <property name="env.ProgramData" value="C:\ProgramData" />
    <property name="env.SESSIONNAME" value="Console" />
    <property name="env.ProgramFiles(x86)" value="C:\Program Files (x86)" />
    <property name="java.specification.vendor" value="Oracle Corporation" />
    <property name="env.NUMBER_OF_PROCESSORS" value="4" />
    <property name="java.library.path" value="C:\Program Files\Java\jre1.8.0_77\bin;C:\WINDOWS\Sun\Java\bin;C:\WINDOWS\system32;C:\WINDOWS;C:/Program Files/Java/jre1.8.0_77/bin/server;C:/Program Files/Java/jre1.8.0_77/bin;C:/Program Files/Java/jre1.8.0_77/lib/amd64;C:\ProgramData\Oracle\Java\javapath;C:\WINDOWS\system32;C:\WINDOWS;C:\WINDOWS\System32\Wbem;C:\WINDOWS\System32\WindowsPowerShell\v1.0\;C:\Program Files (x86)\Windows Kits\8.1\Windows Performance Toolkit\;C:\Program Files\Microsoft SQL Server\110\Tools\Binn\;C:\Program Files (x86)\Skype\Phone\;%JAVA_HOME%\bin;C:\apache-maven-3.3.9\bin;C:\Program Files (x86)\eclipse;;." />
    <property name="java.vendor.url" value="http://java.oracle.com/" />
    <property name="java.vm.vendor" value="Oracle Corporation" />
    <property name="ant.file.AccountTestingSalesforce" value="E:\Study\Project\Saleforce\Workspace\AccountTestingSalesforce\build.xml" />
    <property name="java.runtime.name" value="Java(TM) SE Runtime Environment" />
    <property name="ant.version" value="Apache Ant(TM) version 1.9.6 compiled on June 29 2015" />
    <property name="java.class.path" value="E:\Study\Project\Saleforce\Workspace\AccountTestingSalesforce\target\classes;E:\Study\Project\Saleforce\Workspace\AccountTestingSalesforce\target\test-classes;C:\Users\khuon\.m2\repository\junit\junit\4.12\junit-4.12.jar;C:\Users\khuon\.m2\repository\org\hamcrest\hamcrest-core\1.3\hamcrest-core-1.3.jar;C:\Users\khuon\.m2\repository\info\cukes\cucumber-java\1.2.4\cucumber-java-1.2.4.jar;C:\Users\khuon\.m2\repository\info\cukes\cucumber-core\1.2.4\cucumber-core-1.2.4.jar;C:\Users\khuon\.m2\repository\info\cukes\cucumber-html\0.2.3\cucumber-html-0.2.3.jar;C:\Users\khuon\.m2\repository\info\cukes\cucumber-picocontainer\1.2.4\cucumber-picocontainer-1.2.4.jar;C:\Users\khuon\.m2\repository\info\cukes\cucumber-jvm-deps\1.0.5\cucumber-jvm-deps-1.0.5.jar;C:\Users\khuon\.m2\repository\info\cukes\gherkin\2.12.2\gherkin-2.12.2.jar;C:\Users\khuon\.m2\repository\org\picocontainer\picocontainer\2.15\picocontainer-2.15.jar;C:\Users\khuon\.m2\repository\info\cukes\cucumber-junit\1.2.4\cucumber-junit-1.2.4.jar;E:\Study\Project\Saleforce\JAPs\selenium-server-standalone-2.53.0.jar;C:\Program Files (x86)\eclipse\plugins\org.apache.ant_1.9.6.v201510161327\lib\ant-launcher.jar;C:\Program Files (x86)\eclipse\plugins\org.apache.ant_1.9.6.v201510161327\lib\ant.jar;C:\Program Files (x86)\eclipse\plugins\org.apache.ant_1.9.6.v201510161327\lib\ant-junit.jar;C:\Program Files (x86)\eclipse\plugins\org.apache.ant_1.9.6.v201510161327\lib\ant-junit4.jar" />
    <property name="sun.java.command" value="org.apache.tools.ant.taskdefs.optional.junit.JUnitTestRunner com.AccountTestingSalesforce.RunnerSteps skipNonTests=false filtertrace=true haltOnError=false haltOnFailure=false formatter=org.apache.tools.ant.taskdefs.optional.junit.OutErrSummaryJUnitResultFormatter showoutput=false outputtoformatters=true logfailedtests=true threadid=0 logtestlistenerevents=false formatter=org.apache.tools.ant.taskdefs.optional.junit.XMLJUnitResultFormatter,E:\Study\Project\Saleforce\Workspace\AccountTestingSalesforce\junit\TEST-com.AccountTestingSalesforce.RunnerSteps.xml crashfile=E:\Study\Project\Saleforce\Workspace\AccountTestingSalesforce\junitvmwatcher2213030576673528451.properties propsfile=E:\Study\Project\Saleforce\Workspace\AccountTestingSalesforce\junit2577655534890440482.properties" />
    <property name="java.vm.specification.name" value="Java Virtual Machine Specification" />
    <property name="env.LOGONSERVER" value="\\MicrosoftAccount" />
    <property name="env.windir" value="C:\WINDOWS" />
    <property name="env.PROCESSOR_ARCHITECTURE" value="AMD64" />
    <property name="java.vm.specification.version" value="1.8" />
    <property name="sun.os.patch.level" value="" />
    <property name="sun.cpu.endian" value="little" />
    <property name="debuglevel" value="source,lines,vars" />
    <property name="env.ProgramFiles" value="C:\Program Files" />
    <property name="env.ANT_HOME" value="C:\Program Files (x86)\eclipse\plugins\org.apache.ant_1.9.6.v201510161327" />
    <property name="java.io.tmpdir" value="C:\Users\khuon\AppData\Local\Temp\" />
    <property name="env.PROCESSOR_REVISION" value="3a09" />
    <property name="eclipse.pdebuild.home" value="/C:/Program Files (x86)/eclipse/plugins/org.eclipse.pde.build_3.9.100.v20150521-1524/./" />
    <property name="env.CommonProgramFiles(x86)" value="C:\Program Files (x86)\Common Files" />
    <property name="env.VS120COMNTOOLS" value="C:\Program Files (x86)\Microsoft Visual Studio 12.0\Common7\Tools\" />
    <property name="java.vendor.url.bug" value="http://bugreport.sun.com/bugreport/" />
    <property name="ant.file.type.AccountTestingSalesforce" value="file" />
    <property name="env.SystemRoot" value="C:\WINDOWS" />
    <property name="env.FPS_BROWSER_APP_PROFILE_STRING" value="Internet Explorer" />
    <property name="os.arch" value="amd64" />
    <property name="java.awt.graphicsenv" value="sun.awt.Win32GraphicsEnvironment" />
    <property name="java.ext.dirs" value="C:\Program Files\Java\jre1.8.0_77\lib\ext;C:\WINDOWS\Sun\Java\lib\ext" />
    <property name="user.dir" value="E:\Study\Project\Saleforce\Workspace\AccountTestingSalesforce" />
    <property name="env.LOCALAPPDATA" value="C:\Users\khuon\AppData\Local" />
    <property name="env.MAVEN_HOME" value="C:\maven" />
    <property name="line.separator" value="&#xd;&#xa;" />
    <property name="java.vm.name" value="Java HotSpot(TM) 64-Bit Server VM" />
    <property name="env.PATHEXT" value=".COM;.EXE;.BAT;.CMD;.VBS;.VBE;.JS;.JSE;.WSF;.WSH;.MSC" />
    <property name="env.Path" value="C:/Program Files/Java/jre1.8.0_77/bin/server;C:/Program Files/Java/jre1.8.0_77/bin;C:/Program Files/Java/jre1.8.0_77/lib/amd64;C:\ProgramData\Oracle\Java\javapath;C:\WINDOWS\system32;C:\WINDOWS;C:\WINDOWS\System32\Wbem;C:\WINDOWS\System32\WindowsPowerShell\v1.0\;C:\Program Files (x86)\Windows Kits\8.1\Windows Performance Toolkit\;C:\Program Files\Microsoft SQL Server\110\Tools\Binn\;C:\Program Files (x86)\Skype\Phone\;%JAVA_HOME%\bin;C:\apache-maven-3.3.9\bin;C:\Program Files (x86)\eclipse;" />
    <property name="basedir" value="E:\Study\Project\Saleforce\Workspace\AccountTestingSalesforce" />
    <property name="ant.java.version" value="1.8" />
    <property name="ant.core.lib" value="C:\Program Files (x86)\eclipse\plugins\org.apache.ant_1.9.6.v201510161327\lib\ant.jar" />
    <property name="env.USERNAME" value="khuon" />
    <property name="env.SystemDrive" value="C:" />
    <property name="source" value="1.5" />
    <property name="file.encoding" value="Cp1252" />
    <property name="env.USERDOMAIN" value="DESKTOP-US2HG7B" />
    <property name="env.WEB_DRIVER" value="C:\SeleniumWebdrivers" />
    <property name="java.specification.version" value="1.8" />
    <property name="ant.project.invoked-targets" value="AccountTestingSalesforce" />
    <property name="env.PROCESSOR_LEVEL" value="6" />
  </properties>
  <testcase classname="Scenario: TC001-Create and Edit Account by Firefox" name="Given I&apos;m  on login page with Firefox" time="0.001" />
  <testcase classname="Scenario: TC001-Create and Edit Account by Firefox" name="When I fill &quot;ACB&quot; for invalid Username" time="0.0" />
  <testcase classname="Scenario: TC001-Create and Edit Account by Firefox" name="And I fill &quot;ACB&quot; for invalid Password" time="0.0" />
  <testcase classname="Scenario: TC001-Create and Edit Account by Firefox" name="And I press &quot;Log in&quot; button" time="0.0" />
  <testcase classname="Scenario: TC001-Create and Edit Account by Firefox" name="And I verify error message" time="0.0" />
  <testcase classname="Scenario: TC001-Create and Edit Account by Firefox" name="And I fill &quot;khuongtran@hcmsfdg.vn&quot; for valid Username" time="0.0" />
  <testcase classname="Scenario: TC001-Create and Edit Account by Firefox" name="And I fill &quot;AtUk!0508@&quot; for valid Password" time="0.001" />
  <testcase classname="Scenario: TC001-Create and Edit Account by Firefox" name="And I press Log in button" time="0.0" />
  <testcase classname="Scenario: TC001-Create and Edit Account by Firefox" name="When I click on Account tab" time="0.0" />
  <testcase classname="Scenario: TC001-Create and Edit Account by Firefox" name="And I click on New button" time="0.0" />
  <testcase classname="Scenario: TC001-Create and Edit Account by Firefox" name="And I fill in data into madatory fields and some fields" time="0.0" />
  <testcase classname="Scenario: TC001-Create and Edit Account by Firefox" name="And I click on Save button" time="0.0" />
  <testcase classname="Scenario: TC001-Create and Edit Account by Firefox" name="And I click on Edit button" time="0.0" />
  <testcase classname="Scenario: TC001-Create and Edit Account by Firefox" name="And I edit data into madatory fields and some fields" time="0.0" />
  <testcase classname="Scenario: TC001-Create and Edit Account by Firefox" name="And I save edtion" time="0.0" />
  <testcase classname="Scenario: TC001-Create and Edit Account by Firefox" name="And I lougout Sales Appication in Salesforce" time="0.0" />
  <testcase classname="Scenario: TC001-Create and Edit Account by Firefox" name="Then I see all edited data is changed" time="0.0" />
  <testcase classname="junit.framework.TestSuite" name="Scenario: TC001-Create and Edit Account by Firefox" time="89.876" />
  <testcase classname="Scenario: TC002-Create and Edit Account by Chrome" name="Given I&apos;m  on login page with Chrome" time="0.0" />
  <testcase classname="Scenario: TC002-Create and Edit Account by Chrome" name="When I fill &quot;ACB&quot; for invalid Username by Chrome" time="0.0" />
  <testcase classname="Scenario: TC002-Create and Edit Account by Chrome" name="And I fill &quot;ACB&quot; for invalid Password by Chrome" time="0.0" />
  <testcase classname="Scenario: TC002-Create and Edit Account by Chrome" name="And I press &quot;Log in&quot; button by Chrome" time="0.0" />
  <testcase classname="Scenario: TC002-Create and Edit Account by Chrome" name="And I verify error message by Chrome" time="0.0" />
  <testcase classname="Scenario: TC002-Create and Edit Account by Chrome" name="And I fill &quot;khuongtran@hcmsfdg.vn&quot; for valid Username by Chrome" time="0.0" />
  <testcase classname="Scenario: TC002-Create and Edit Account by Chrome" name="And I fill &quot;AtUk!0508@&quot; for valid Password by Chrome" time="0.0" />
  <testcase classname="Scenario: TC002-Create and Edit Account by Chrome" name="And I press Log in button by Chrome" time="0.0" />
  <testcase classname="Scenario: TC002-Create and Edit Account by Chrome" name="When I click on Account tab by Chrome" time="0.0" />
  <testcase classname="Scenario: TC002-Create and Edit Account by Chrome" name="And I click on New button by Chrome" time="0.0" />
  <testcase classname="Scenario: TC002-Create and Edit Account by Chrome" name="And I fill in data into madatory fields and some fields by Chrome" time="0.0" />
  <testcase classname="Scenario: TC002-Create and Edit Account by Chrome" name="And I click on Save button by Chrome" time="0.0" />
  <testcase classname="Scenario: TC002-Create and Edit Account by Chrome" name="And I click on Edit button by Chrome" time="0.0" />
  <testcase classname="Scenario: TC002-Create and Edit Account by Chrome" name="And I edit data into madatory fields and some fields by Chrome" time="0.0" />
  <testcase classname="Scenario: TC002-Create and Edit Account by Chrome" name="And I save edtion by Chrome" time="0.0" />
  <testcase classname="Scenario: TC002-Create and Edit Account by Chrome" name="And I lougout Sales Appication in Salesforce by Chrome" time="0.0" />
  <testcase classname="Scenario: TC002-Create and Edit Account by Chrome" name="Then I see all edited data is changed by Chrome" time="0.0" />
  <testcase classname="junit.framework.TestSuite" name="Scenario: TC002-Create and Edit Account by Chrome" time="117.956" />
  <system-out><![CDATA[Feature: Account Funtion
Account create successfully

  Scenario: TC001-Create and Edit Account by Firefox        [90m# sfAccount.feature:3[0m
    [32mGiven [0m[32mI'm  on login page with Firefox[0m                   [90m# AccountFunctionSteps.i_m_on_login_page_with_Firefox()[0m
    [32mWhen [0m[32mI fill "[0m[32m[1mACB[0m[32m" for invalid Username[0m                  [90m# AccountFunctionSteps.i_fill_for_invalid_Username(String)[0m
    [32mAnd [0m[32mI fill "[0m[32m[1mACB[0m[32m" for invalid Password[0m                   [90m# AccountFunctionSteps.i_fill_for_invalid_Password(String)[0m
    [32mAnd [0m[32mI press "[0m[32m[1mLog in[0m[32m" button[0m                             [90m# AccountFunctionSteps.i_press_button(String)[0m
    [32mAnd [0m[32mI verify error message[0m                              [90m# AccountFunctionSteps.i_verify_error_message()[0m
    [32mAnd [0m[32mI fill "[0m[32m[1mkhuongtran@hcmsfdg.vn[0m[32m" for valid Username[0m   [90m# AccountFunctionSteps.i_fill_for_valid_Username(String)[0m
    [32mAnd [0m[32mI fill "[0m[32m[1mAtUk!0508@[0m[32m" for valid Password[0m              [90m# AccountFunctionSteps.i_fill_for_valid_Password(String)[0m
    [32mAnd [0m[32mI press Log in button[0m                               [90m# AccountFunctionSteps.i_press_Log_in_button()[0m
    [32mWhen [0m[32mI click on Account tab[0m                             [90m# AccountFunctionSteps.i_click_on_Account_tab()[0m
    [32mAnd [0m[32mI click on New button[0m                               [90m# AccountFunctionSteps.i_click_on_New_button()[0m
    [32mAnd [0m[32mI fill in data into madatory fields and some fields[0m [90m# AccountFunctionSteps.i_fill_in_data_into_madatory_fields_and_some_fields(DataTable)[0m
    [32mAnd [0m[32mI click on Save button[0m                              [90m# AccountFunctionSteps.i_click_on_Save_button()[0m
    [32mAnd [0m[32mI click on Edit button[0m                              [90m# AccountFunctionSteps.i_click_on_Edit_button()[0m
    [32mAnd [0m[32mI edit data into madatory fields and some fields[0m    [90m# AccountFunctionSteps.i_edit_data_into_madatory_fields_and_some_fields(DataTable)[0m
    [32mAnd [0m[32mI save edtion[0m                                       [90m# AccountFunctionSteps.i_save_edtion()[0m
    [32mAnd [0m[32mI lougout Sales Appication in Salesforce[0m            [90m# AccountFunctionSteps.i_lougout_Sales_Appication_in_Salesforce()[0m
    [32mThen [0m[32mI see all edited data is changed[0m                   [90m# AccountFunctionSteps.i_see_all_edited_data_is_changed()[0m
Account create successfully

  Scenario: TC002-Create and Edit Account by Chrome                   [90m# sfAccount.feature:78[0m
    [32mGiven [0m[32mI'm  on login page with Chrome[0m                              [90m# AccountFunctionSteps.i_m_on_login_page_with_Chrome()[0m
    [32mWhen [0m[32mI fill "[0m[32m[1mACB[0m[32m" for invalid Username by Chrome[0m                  [90m# AccountFunctionSteps.i_fill_for_invalid_Username_by_Chrome(String)[0m
    [32mAnd [0m[32mI fill "[0m[32m[1mACB[0m[32m" for invalid Password by Chrome[0m                   [90m# AccountFunctionSteps.i_fill_for_invalid_Password_by_Chrome(String)[0m
    [32mAnd [0m[32mI press "[0m[32m[1mLog in[0m[32m" button by Chrome[0m                             [90m# AccountFunctionSteps.i_press_button_by_Chrome(String)[0m
    [32mAnd [0m[32mI verify error message by Chrome[0m                              [90m# AccountFunctionSteps.i_verify_error_message_by_Chrome()[0m
    [32mAnd [0m[32mI fill "[0m[32m[1mkhuongtran@hcmsfdg.vn[0m[32m" for valid Username by Chrome[0m   [90m# AccountFunctionSteps.i_fill_for_valid_Username_by_Chrome(String)[0m
    [32mAnd [0m[32mI fill "[0m[32m[1mAtUk!0508@[0m[32m" for valid Password by Chrome[0m              [90m# AccountFunctionSteps.i_fill_for_valid_Password_by_Chrome(String)[0m
    [32mAnd [0m[32mI press Log in button by Chrome[0m                               [90m# AccountFunctionSteps.i_press_Log_in_button_by_Chrome()[0m
    [32mWhen [0m[32mI click on Account tab by Chrome[0m                             [90m# AccountFunctionSteps.i_click_on_Account_tab_by_Chrome()[0m
    [32mAnd [0m[32mI click on New button by Chrome[0m                               [90m# AccountFunctionSteps.i_click_on_New_button_by_Chrome()[0m
    [32mAnd [0m[32mI fill in data into madatory fields and some fields by Chrome[0m [90m# AccountFunctionSteps.i_fill_in_data_into_madatory_fields_and_some_fields_by_Chrome(DataTable)[0m
    [32mAnd [0m[32mI click on Save button by Chrome[0m                              [90m# AccountFunctionSteps.i_click_on_Save_button_by_Chrome()[0m
    [32mAnd [0m[32mI click on Edit button by Chrome[0m                              [90m# AccountFunctionSteps.i_click_on_Edit_button_by_Chrome()[0m
    [32mAnd [0m[32mI edit data into madatory fields and some fields by Chrome[0m    [90m# AccountFunctionSteps.i_edit_data_into_madatory_fields_and_some_fields_by_Chrome(DataTable)[0m
    [32mAnd [0m[32mI save edtion by Chrome[0m                                       [90m# AccountFunctionSteps.i_save_edtion_by_Chrome()[0m
    [32mAnd [0m[32mI lougout Sales Appication in Salesforce by Chrome[0m            [90m# AccountFunctionSteps.i_lougout_Sales_Appication_in_Salesforce_by_Chrome()[0m
    [32mThen [0m[32mI see all edited data is changed by Chrome[0m                   [90m# AccountFunctionSteps.i_see_all_edited_data_is_changed_by_Chrome()[0m

2 Scenarios ([32m2 passed[0m)
34 Steps ([32m34 passed[0m)
3m27.291s

]]></system-out>
  <system-err><![CDATA[]]></system-err>
</testsuite>
